<?xml version="1.0" encoding="UTF-8"?>
<data>
	<node>
		<id><![CDATA[217]]></id>
		<title><![CDATA[Variation #217 of 4Good People S502m 4G H端lle]]></title>
		<sku><![CDATA[51000561]]></sku>
		<excerpt><![CDATA[]]></excerpt>
		<posttype><![CDATA[product]]></posttype>
		<permalink><![CDATA[http://p414239.webspaceconfig.de/produkt/4good-people-s502m-4g-huelle/?attribute_pa_color=schwarz-leder]]></permalink>
		<price><![CDATA[44.90]]></price>
		<regularprice><![CDATA[44.90]]></regularprice>
		<stockstatus><![CDATA[instock]]></stockstatus>
		<visibility><![CDATA[]]></visibility>
		<attributenamepa_color><![CDATA[Color]]></attributenamepa_color>
		<attributevaluepa_color><![CDATA[schwarz-leder]]></attributevaluepa_color>
		<attributeinvariationspa_color><![CDATA[yes]]></attributeinvariationspa_color>
		<attributeisvisiblepa_color><![CDATA[yes]]></attributeisvisiblepa_color>
		<attributeistaxonomypa_color><![CDATA[yes]]></attributeistaxonomypa_color>
		<producttype><![CDATA[variable]]></producttype>
		<parent_id><![CDATA[216]]></parent_id>
		<productcategories><![CDATA[]]></productcategories>
		<producttags><![CDATA[]]></producttags>
		<custom_tab_priority1><![CDATA[]]></custom_tab_priority1>
		<custom_tab_priority2><![CDATA[]]></custom_tab_priority2>
		<layout><![CDATA[]]></layout>
		<dhvc_woo_page_product><![CDATA[]]></dhvc_woo_page_product>
		<page_title><![CDATA[]]></page_title>
		<tm_meta_cpf><![CDATA[]]></tm_meta_cpf>
		<tm_meta><![CDATA[]]></tm_meta>
		<_ean><![CDATA[4059965957375]]></_ean>
		<_wc_additional_variation_images><![CDATA[167,176,197,47,50,53,56]]></_wc_additional_variation_images>
		<_vaterartikel><![CDATA[5100]]></_vaterartikel>
		<status><![CDATA[publish]]></status>
		<author><![CDATA[1]]></author>
		<parent><![CDATA[216]]></parent>
		<order><![CDATA[0]]></order>
		<commentstatus><![CDATA[open]]></commentstatus>
		<pingstatus><![CDATA[open]]></pingstatus>
		<downloadable><![CDATA[no]]></downloadable>
		<virtual><![CDATA[no]]></virtual>
		<featured><![CDATA[no]]></featured>
		<weight><![CDATA[0.09]]></weight>
		<length><![CDATA[]]></length>
		<width><![CDATA[]]></width>
		<height><![CDATA[]]></height>
		<backorders><![CDATA[no]]></backorders>
		<taxstatus><![CDATA[]]></taxstatus>
		<taxclass><![CDATA[]]></taxclass>
		<defaultattributes><![CDATA[]]></defaultattributes>
		<productattributes><![CDATA[a:1:{s:8:"pa_color";a:7:{s:4:"name";s:8:"pa_color";s:5:"value";s:13:"schwarz-leder";s:8:"position";i:0;s:10:"is_visible";i:1;s:12:"is_variation";i:1;s:11:"is_taxonomy";i:1;s:24:"is_create_taxonomy_terms";i:1;}}]]></productattributes>
		<_parentsku><![CDATA[bfxs-0560]]></_parentsku>
		<models><![CDATA[]]></models>
		<device_name><![CDATA[]]></device_name>
		<upsells><![CDATA[]]></upsells>
		<crosssells><![CDATA[]]></crosssells>
		<wpmltranslationid><![CDATA[109]]></wpmltranslationid>
		<wpmllanguagecode><![CDATA[de]]></wpmllanguagecode>
		<_wpml_media_duplicate><![CDATA[]]></_wpml_media_duplicate>
		<_wpml_media_featured><![CDATA[]]></_wpml_media_featured>
		<_wpml_location_migration_done><![CDATA[1]]></_wpml_location_migration_done>
	</node>
	<node>
		<id><![CDATA[218]]></id>
		<title><![CDATA[Variation #218 of 4Good People S502m 4G H端lle]]></title>
		<sku><![CDATA[51040561]]></sku>
		<excerpt><![CDATA[]]></excerpt>
		<posttype><![CDATA[product]]></posttype>
		<permalink><![CDATA[http://p414239.webspaceconfig.de/produkt/4good-people-s502m-4g-huelle/?attribute_pa_color=rot]]></permalink>
		<price><![CDATA[34.90]]></price>
		<regularprice><![CDATA[34.90]]></regularprice>
		<stockstatus><![CDATA[instock]]></stockstatus>
		<visibility><![CDATA[]]></visibility>
		<attributenamepa_color><![CDATA[Color]]></attributenamepa_color>
		<attributevaluepa_color><![CDATA[rot]]></attributevaluepa_color>
		<attributeinvariationspa_color><![CDATA[yes]]></attributeinvariationspa_color>
		<attributeisvisiblepa_color><![CDATA[yes]]></attributeisvisiblepa_color>
		<attributeistaxonomypa_color><![CDATA[yes]]></attributeistaxonomypa_color>
		<producttype><![CDATA[variable]]></producttype>
		<parent_id><![CDATA[216]]></parent_id>
		<productcategories><![CDATA[]]></productcategories>
		<producttags><![CDATA[]]></producttags>
		<custom_tab_priority1><![CDATA[]]></custom_tab_priority1>
		<custom_tab_priority2><![CDATA[]]></custom_tab_priority2>
		<layout><![CDATA[]]></layout>
		<dhvc_woo_page_product><![CDATA[]]></dhvc_woo_page_product>
		<page_title><![CDATA[]]></page_title>
		<tm_meta_cpf><![CDATA[]]></tm_meta_cpf>
		<tm_meta><![CDATA[]]></tm_meta>
		<_ean><![CDATA[4059965957368]]></_ean>
		<_wc_additional_variation_images><![CDATA[194,188,209,47,50,53,56]]></_wc_additional_variation_images>
		<_vaterartikel><![CDATA[5104]]></_vaterartikel>
		<status><![CDATA[publish]]></status>
		<author><![CDATA[1]]></author>
		<parent><![CDATA[216]]></parent>
		<order><![CDATA[0]]></order>
		<commentstatus><![CDATA[open]]></commentstatus>
		<pingstatus><![CDATA[open]]></pingstatus>
		<downloadable><![CDATA[no]]></downloadable>
		<virtual><![CDATA[no]]></virtual>
		<featured><![CDATA[no]]></featured>
		<weight><![CDATA[0.09]]></weight>
		<length><![CDATA[]]></length>
		<width><![CDATA[]]></width>
		<height><![CDATA[]]></height>
		<backorders><![CDATA[no]]></backorders>
		<taxstatus><![CDATA[]]></taxstatus>
		<taxclass><![CDATA[]]></taxclass>
		<defaultattributes><![CDATA[]]></defaultattributes>
		<productattributes><![CDATA[a:1:{s:8:"pa_color";a:7:{s:4:"name";s:8:"pa_color";s:5:"value";s:3:"rot";s:8:"position";i:0;s:10:"is_visible";i:1;s:12:"is_variation";i:1;s:11:"is_taxonomy";i:1;s:24:"is_create_taxonomy_terms";i:1;}}]]></productattributes>
		<_parentsku><![CDATA[bfxs-0560]]></_parentsku>
		<models><![CDATA[]]></models>
		<device_name><![CDATA[]]></device_name>
		<upsells><![CDATA[]]></upsells>
		<crosssells><![CDATA[]]></crosssells>
		<wpmltranslationid><![CDATA[110]]></wpmltranslationid>
		<wpmllanguagecode><![CDATA[de]]></wpmllanguagecode>
		<_wpml_media_duplicate><![CDATA[]]></_wpml_media_duplicate>
		<_wpml_media_featured><![CDATA[]]></_wpml_media_featured>
		<_wpml_location_migration_done><![CDATA[1]]></_wpml_location_migration_done>
	</node>
	<node>
		<id><![CDATA[219]]></id>
		<title><![CDATA[Variation #219 of 4Good People S502m 4G H端lle]]></title>
		<sku><![CDATA[51020561]]></sku>
		<excerpt><![CDATA[]]></excerpt>
		<posttype><![CDATA[product]]></posttype>
		<permalink><![CDATA[http://p414239.webspaceconfig.de/produkt/4good-people-s502m-4g-huelle/?attribute_pa_color=pink]]></permalink>
		<price><![CDATA[34.90]]></price>
		<regularprice><![CDATA[34.90]]></regularprice>
		<stockstatus><![CDATA[instock]]></stockstatus>
		<visibility><![CDATA[]]></visibility>
		<attributenamepa_color><![CDATA[Color]]></attributenamepa_color>
		<attributevaluepa_color><![CDATA[pink]]></attributevaluepa_color>
		<attributeinvariationspa_color><![CDATA[yes]]></attributeinvariationspa_color>
		<attributeisvisiblepa_color><![CDATA[yes]]></attributeisvisiblepa_color>
		<attributeistaxonomypa_color><![CDATA[yes]]></attributeistaxonomypa_color>
		<producttype><![CDATA[variable]]></producttype>
		<parent_id><![CDATA[216]]></parent_id>
		<productcategories><![CDATA[]]></productcategories>
		<producttags><![CDATA[]]></producttags>
		<custom_tab_priority1><![CDATA[]]></custom_tab_priority1>
		<custom_tab_priority2><![CDATA[]]></custom_tab_priority2>
		<layout><![CDATA[]]></layout>
		<dhvc_woo_page_product><![CDATA[]]></dhvc_woo_page_product>
		<page_title><![CDATA[]]></page_title>
		<tm_meta_cpf><![CDATA[]]></tm_meta_cpf>
		<tm_meta><![CDATA[]]></tm_meta>
		<_ean><![CDATA[4059965957351]]></_ean>
		<_wc_additional_variation_images><![CDATA[191,185,206,47,50,53,56]]></_wc_additional_variation_images>
		<_vaterartikel><![CDATA[5102]]></_vaterartikel>
		<status><![CDATA[publish]]></status>
		<author><![CDATA[1]]></author>
		<parent><![CDATA[216]]></parent>
		<order><![CDATA[0]]></order>
		<commentstatus><![CDATA[open]]></commentstatus>
		<pingstatus><![CDATA[open]]></pingstatus>
		<downloadable><![CDATA[no]]></downloadable>
		<virtual><![CDATA[no]]></virtual>
		<featured><![CDATA[no]]></featured>
		<weight><![CDATA[0.09]]></weight>
		<length><![CDATA[]]></length>
		<width><![CDATA[]]></width>
		<height><![CDATA[]]></height>
		<backorders><![CDATA[no]]></backorders>
		<taxstatus><![CDATA[]]></taxstatus>
		<taxclass><![CDATA[]]></taxclass>
		<defaultattributes><![CDATA[]]></defaultattributes>
		<productattributes><![CDATA[a:1:{s:8:"pa_color";a:7:{s:4:"name";s:8:"pa_color";s:5:"value";s:4:"pink";s:8:"position";i:0;s:10:"is_visible";i:1;s:12:"is_variation";i:1;s:11:"is_taxonomy";i:1;s:24:"is_create_taxonomy_terms";i:1;}}]]></productattributes>
		<_parentsku><![CDATA[bfxs-0560]]></_parentsku>
		<models><![CDATA[]]></models>
		<device_name><![CDATA[]]></device_name>
		<upsells><![CDATA[]]></upsells>
		<crosssells><![CDATA[]]></crosssells>
		<wpmltranslationid><![CDATA[111]]></wpmltranslationid>
		<wpmllanguagecode><![CDATA[de]]></wpmllanguagecode>
		<_wpml_media_duplicate><![CDATA[]]></_wpml_media_duplicate>
		<_wpml_media_featured><![CDATA[]]></_wpml_media_featured>
		<_wpml_location_migration_done><![CDATA[1]]></_wpml_location_migration_done>
	</node>
	<node>
		<id><![CDATA[220]]></id>
		<title><![CDATA[Variation #220 of 4Good People S502m 4G H端lle]]></title>
		<sku><![CDATA[51030561]]></sku>
		<excerpt><![CDATA[]]></excerpt>
		<posttype><![CDATA[product]]></posttype>
		<permalink><![CDATA[http://p414239.webspaceconfig.de/produkt/4good-people-s502m-4g-huelle/?attribute_pa_color=braun-leder]]></permalink>
		<price><![CDATA[44.90]]></price>
		<regularprice><![CDATA[44.90]]></regularprice>
		<stockstatus><![CDATA[instock]]></stockstatus>
		<visibility><![CDATA[]]></visibility>
		<attributenamepa_color><![CDATA[Color]]></attributenamepa_color>
		<attributevaluepa_color><![CDATA[braun-leder]]></attributevaluepa_color>
		<attributeinvariationspa_color><![CDATA[yes]]></attributeinvariationspa_color>
		<attributeisvisiblepa_color><![CDATA[yes]]></attributeisvisiblepa_color>
		<attributeistaxonomypa_color><![CDATA[yes]]></attributeistaxonomypa_color>
		<producttype><![CDATA[variable]]></producttype>
		<parent_id><![CDATA[216]]></parent_id>
		<productcategories><![CDATA[]]></productcategories>
		<producttags><![CDATA[]]></producttags>
		<custom_tab_priority1><![CDATA[]]></custom_tab_priority1>
		<custom_tab_priority2><![CDATA[]]></custom_tab_priority2>
		<layout><![CDATA[]]></layout>
		<dhvc_woo_page_product><![CDATA[]]></dhvc_woo_page_product>
		<page_title><![CDATA[]]></page_title>
		<tm_meta_cpf><![CDATA[]]></tm_meta_cpf>
		<tm_meta><![CDATA[]]></tm_meta>
		<_ean><![CDATA[4059965957382]]></_ean>
		<_wc_additional_variation_images><![CDATA[173,182,203,47,50,53,56]]></_wc_additional_variation_images>
		<_vaterartikel><![CDATA[5103]]></_vaterartikel>
		<status><![CDATA[publish]]></status>
		<author><![CDATA[1]]></author>
		<parent><![CDATA[216]]></parent>
		<order><![CDATA[0]]></order>
		<commentstatus><![CDATA[open]]></commentstatus>
		<pingstatus><![CDATA[open]]></pingstatus>
		<downloadable><![CDATA[no]]></downloadable>
		<virtual><![CDATA[no]]></virtual>
		<featured><![CDATA[no]]></featured>
		<weight><![CDATA[0.09]]></weight>
		<length><![CDATA[]]></length>
		<width><![CDATA[]]></width>
		<height><![CDATA[]]></height>
		<backorders><![CDATA[no]]></backorders>
		<taxstatus><![CDATA[]]></taxstatus>
		<taxclass><![CDATA[]]></taxclass>
		<defaultattributes><![CDATA[]]></defaultattributes>
		<productattributes><![CDATA[a:1:{s:8:"pa_color";a:7:{s:4:"name";s:8:"pa_color";s:5:"value";s:11:"braun-leder";s:8:"position";i:0;s:10:"is_visible";i:1;s:12:"is_variation";i:1;s:11:"is_taxonomy";i:1;s:24:"is_create_taxonomy_terms";i:1;}}]]></productattributes>
		<_parentsku><![CDATA[bfxs-0560]]></_parentsku>
		<models><![CDATA[]]></models>
		<device_name><![CDATA[]]></device_name>
		<upsells><![CDATA[]]></upsells>
		<crosssells><![CDATA[]]></crosssells>
		<wpmltranslationid><![CDATA[112]]></wpmltranslationid>
		<wpmllanguagecode><![CDATA[de]]></wpmllanguagecode>
		<_wpml_media_duplicate><![CDATA[]]></_wpml_media_duplicate>
		<_wpml_media_featured><![CDATA[]]></_wpml_media_featured>
		<_wpml_location_migration_done><![CDATA[1]]></_wpml_location_migration_done>
	</node>
	<node>
		<id><![CDATA[221]]></id>
		<title><![CDATA[Variation #221 of 4Good People S502m 4G H端lle]]></title>
		<sku><![CDATA[51010560]]></sku>
		<excerpt><![CDATA[]]></excerpt>
		<posttype><![CDATA[product]]></posttype>
		<permalink><![CDATA[http://p414239.webspaceconfig.de/produkt/4good-people-s502m-4g-huelle/?attribute_pa_color=blau]]></permalink>
		<price><![CDATA[34.90]]></price>
		<regularprice><![CDATA[34.90]]></regularprice>
		<stockstatus><![CDATA[instock]]></stockstatus>
		<visibility><![CDATA[]]></visibility>
		<attributenamepa_color><![CDATA[Color]]></attributenamepa_color>
		<attributevaluepa_color><![CDATA[blau]]></attributevaluepa_color>
		<attributeinvariationspa_color><![CDATA[yes]]></attributeinvariationspa_color>
		<attributeisvisiblepa_color><![CDATA[yes]]></attributeisvisiblepa_color>
		<attributeistaxonomypa_color><![CDATA[yes]]></attributeistaxonomypa_color>
		<producttype><![CDATA[variable]]></producttype>
		<parent_id><![CDATA[216]]></parent_id>
		<productcategories><![CDATA[]]></productcategories>
		<producttags><![CDATA[]]></producttags>
		<custom_tab_priority1><![CDATA[]]></custom_tab_priority1>
		<custom_tab_priority2><![CDATA[]]></custom_tab_priority2>
		<layout><![CDATA[]]></layout>
		<dhvc_woo_page_product><![CDATA[]]></dhvc_woo_page_product>
		<page_title><![CDATA[]]></page_title>
		<tm_meta_cpf><![CDATA[]]></tm_meta_cpf>
		<tm_meta><![CDATA[]]></tm_meta>
		<_ean><![CDATA[4059965957399]]></_ean>
		<_wc_additional_variation_images><![CDATA[170,179,200,47,50,53,56]]></_wc_additional_variation_images>
		<_vaterartikel><![CDATA[5101]]></_vaterartikel>
		<status><![CDATA[publish]]></status>
		<author><![CDATA[1]]></author>
		<parent><![CDATA[216]]></parent>
		<order><![CDATA[0]]></order>
		<commentstatus><![CDATA[open]]></commentstatus>
		<pingstatus><![CDATA[open]]></pingstatus>
		<downloadable><![CDATA[no]]></downloadable>
		<virtual><![CDATA[no]]></virtual>
		<featured><![CDATA[no]]></featured>
		<weight><![CDATA[0.09]]></weight>
		<length><![CDATA[]]></length>
		<width><![CDATA[]]></width>
		<height><![CDATA[]]></height>
		<backorders><![CDATA[no]]></backorders>
		<taxstatus><![CDATA[]]></taxstatus>
		<taxclass><![CDATA[]]></taxclass>
		<defaultattributes><![CDATA[]]></defaultattributes>
		<productattributes><![CDATA[a:1:{s:8:"pa_color";a:7:{s:4:"name";s:8:"pa_color";s:5:"value";s:4:"blau";s:8:"position";i:0;s:10:"is_visible";i:1;s:12:"is_variation";i:1;s:11:"is_taxonomy";i:1;s:24:"is_create_taxonomy_terms";i:1;}}]]></productattributes>
		<_parentsku><![CDATA[bfxs-0560]]></_parentsku>
		<models><![CDATA[]]></models>
		<device_name><![CDATA[]]></device_name>
		<upsells><![CDATA[]]></upsells>
		<crosssells><![CDATA[]]></crosssells>
		<wpmltranslationid><![CDATA[113]]></wpmltranslationid>
		<wpmllanguagecode><![CDATA[de]]></wpmllanguagecode>
		<_wpml_media_duplicate><![CDATA[]]></_wpml_media_duplicate>
		<_wpml_media_featured><![CDATA[]]></_wpml_media_featured>
		<_wpml_location_migration_done><![CDATA[1]]></_wpml_location_migration_done>
	</node>
	<node>
		<id><![CDATA[222]]></id>
		<title><![CDATA[4Good People S502m 4G cover]]></title>
		<sku><![CDATA[bfxs-0560]]></sku>
		<excerpt><![CDATA[]]></excerpt>
		<posttype><![CDATA[product]]></posttype>
		<permalink><![CDATA[http://p414239.webspaceconfig.de/product/4good-people-s502m-4g-cover/?lang=en]]></permalink>
		<price><![CDATA[34.90]]></price>
		<regularprice><![CDATA[]]></regularprice>
		<stockstatus><![CDATA[instock]]></stockstatus>
		<visibility><![CDATA[visible]]></visibility>
		<attributenamepa_color><![CDATA[Color]]></attributenamepa_color>
		<attributevaluepa_color><![CDATA[Black leather|Blue|Brown leather|Pink|Red]]></attributevaluepa_color>
		<attributeinvariationspa_color><![CDATA[yes]]></attributeinvariationspa_color>
		<attributeisvisiblepa_color><![CDATA[yes]]></attributeisvisiblepa_color>
		<attributeistaxonomypa_color><![CDATA[yes]]></attributeistaxonomypa_color>
		<producttype><![CDATA[variable]]></producttype>
		<parent_id><![CDATA[0]]></parent_id>
		<productcategories><![CDATA[boonflip XS]]></productcategories>
		<producttags><![CDATA[4Good People S502m 4G]]></producttags>
		<custom_tab_priority1><![CDATA[40]]></custom_tab_priority1>
		<custom_tab_priority2><![CDATA[41]]></custom_tab_priority2>
		<layout><![CDATA[right-sidebar]]></layout>
		<dhvc_woo_page_product><![CDATA[144]]></dhvc_woo_page_product>
		<page_title><![CDATA[page_title]]></page_title>
		<tm_meta_cpf><![CDATA[a:3:{s:4:"mode";s:7:"builder";s:16:"override_display";s:0:"";s:24:"override_final_total_box";s:0:"";}]]></tm_meta_cpf>
		<tm_meta><![CDATA[a:1:{s:10:"tmfbuilder";a:44:{s:19:"section_header_size";a:1:{i:0;s:1:"3";}s:20:"section_header_title";a:1:{i:0;s:0:"";}s:29:"section_header_title_position";a:1:{i:0;s:0:"";}s:26:"section_header_title_color";a:1:{i:0;s:0:"";}s:23:"section_header_subtitle";a:1:{i:0;s:0:"";}s:32:"section_header_subtitle_position";a:1:{i:0;s:0:"";}s:29:"section_header_subtitle_color";a:1:{i:0;s:0:"";}s:20:"section_divider_type";a:1:{i:0;s:4:"none";}s:8:"sections";a:1:{i:0;s:1:"1";}s:15:"sections_slides";a:1:{i:0;s:0:"";}s:13:"sections_size";a:1:{i:0;s:4:"w100";}s:15:"sections_uniqid";a:1:{i:0;s:23:"594cf459d6f931.64136456";}s:14:"sections_style";a:1:{i:0;s:0:"";}s:18:"sections_placement";a:1:{i:0;s:6:"before";}s:13:"sections_type";a:1:{i:0;s:0:"";}s:14:"sections_class";a:1:{i:0;s:0:"";}s:15:"sections_clogic";a:1:{i:0;s:41:"{"toggle":"show","what":"any","rules":[]}";}s:14:"sections_logic";a:1:{i:0;s:0:"";}s:22:"sections_internal_name";a:1:{i:0;s:7:"Section";}s:12:"element_type";a:1:{i:0;s:10:"variations";}s:8:"div_size";a:1:{i:0;s:4:"w100";}s:24:"variations_internal_name";a:1:{i:0;s:10:"Variations";}s:22:"variations_header_size";a:1:{i:0;s:2:"10";}s:23:"variations_header_title";a:1:{i:0;s:0:"";}s:32:"variations_header_title_position";a:1:{i:0;s:0:"";}s:29:"variations_header_title_color";a:1:{i:0;s:0:"";}s:26:"variations_header_subtitle";a:1:{i:0;s:0:"";}s:35:"variations_header_subtitle_position";a:1:{i:0;s:0:"";}s:32:"variations_header_subtitle_color";a:1:{i:0;s:0:"";}s:23:"variations_divider_type";a:1:{i:0;s:4:"none";}s:18:"variations_options";a:1:{s:8:"pa_color";a:12:{s:21:"variations_display_as";s:5:"image";s:16:"variations_label";s:0:"";s:28:"variations_show_reset_button";s:0:"";s:16:"variations_class";s:0:"";s:24:"variations_items_per_row";s:1:"7";s:21:"variations_item_width";s:2:"70";s:22:"variations_item_height";s:2:"70";s:32:"variations_changes_product_image";s:0:"";s:20:"variations_show_name";s:4:"hide";s:16:"variations_color";a:5:{s:4:"blau";s:0:"";s:11:"braun-leder";s:0:"";s:4:"pink";s:0:"";s:3:"rot";s:0:"";s:13:"schwarz-leder";s:0:"";}s:16:"variations_image";a:5:{s:4:"blau";s:77:"http://p414239.webspaceconfig.de/wp-content/uploads/2017/06/blau_variante.jpg";s:11:"braun-leder";s:84:"http://p414239.webspaceconfig.de/wp-content/uploads/2017/06/braun-Leder_variante.jpg";s:4:"pink";s:77:"http://p414239.webspaceconfig.de/wp-content/uploads/2017/06/pink_variante.jpg";s:3:"rot";s:76:"http://p414239.webspaceconfig.de/wp-content/uploads/2017/06/rot_variante.jpg";s:13:"schwarz-leder";s:86:"http://p414239.webspaceconfig.de/wp-content/uploads/2017/06/schwarz-Leder_variante.jpg";}s:17:"variations_imagep";a:5:{s:4:"blau";s:0:"";s:11:"braun-leder";s:0:"";s:4:"pink";s:0:"";s:3:"rot";s:0:"";s:13:"schwarz-leder";s:0:"";}}}s:17:"variations_uniqid";a:1:{i:0;s:23:"594cf459d6f948.75375867";}s:17:"variations_clogic";a:1:{i:0;s:77:"{"element":"594cf459d6f948.75375867","toggle":"show","what":"all","rules":[]}";}s:16:"variations_logic";a:1:{i:0;s:0:"";}s:16:"variations_class";a:1:{i:0;s:0:"";}s:23:"variations_container_id";a:1:{i:0;s:0:"";}s:41:"variations_include_tax_for_fee_price_type";a:1:{i:0;s:0:"";}s:39:"variations_tax_class_for_fee_price_type";a:1:{i:0;s:0:"";}s:37:"variations_hide_element_label_in_cart";a:1:{i:0;s:0:"";}s:37:"variations_hide_element_value_in_cart";a:1:{i:0;s:0:"";}s:38:"variations_hide_element_label_in_order";a:1:{i:0;s:0:"";}s:38:"variations_hide_element_value_in_order";a:1:{i:0;s:0:"";}s:41:"variations_hide_element_label_in_floatbox";a:1:{i:0;s:0:"";}s:41:"variations_hide_element_value_in_floatbox";a:1:{i:0;s:0:"";}}}]]></tm_meta>
		<_ean><![CDATA[]]></_ean>
		<_wc_additional_variation_images><![CDATA[]]></_wc_additional_variation_images>
		<_vaterartikel><![CDATA[]]></_vaterartikel>
		<status><![CDATA[publish]]></status>
		<author><![CDATA[1]]></author>
		<parent><![CDATA[0]]></parent>
		<order><![CDATA[0]]></order>
		<commentstatus><![CDATA[closed]]></commentstatus>
		<pingstatus><![CDATA[open]]></pingstatus>
		<downloadable><![CDATA[no]]></downloadable>
		<virtual><![CDATA[no]]></virtual>
		<featured><![CDATA[no]]></featured>
		<weight><![CDATA[]]></weight>
		<length><![CDATA[]]></length>
		<width><![CDATA[]]></width>
		<height><![CDATA[]]></height>
		<backorders><![CDATA[no]]></backorders>
		<taxstatus><![CDATA[]]></taxstatus>
		<taxclass><![CDATA[]]></taxclass>
		<defaultattributes><![CDATA[]]></defaultattributes>
		<productattributes><![CDATA[a:1:{s:8:"pa_color";a:7:{s:4:"name";s:8:"pa_color";s:5:"value";s:0:"";s:8:"position";i:0;s:10:"is_visible";i:1;s:12:"is_variation";i:1;s:11:"is_taxonomy";i:1;s:24:"is_create_taxonomy_terms";i:1;}}]]></productattributes>
		<_parentsku><![CDATA[]]></_parentsku>
		<models><![CDATA[4Good>People S502m 4G]]></models>
		<device_name><![CDATA[4Good People S502m 4G]]></device_name>
		<upsells><![CDATA[]]></upsells>
		<crosssells><![CDATA[]]></crosssells>
		<wpmltranslationid><![CDATA[114]]></wpmltranslationid>
		<wpmllanguagecode><![CDATA[en]]></wpmllanguagecode>
		<_wpml_media_duplicate><![CDATA[1]]></_wpml_media_duplicate>
		<_wpml_media_featured><![CDATA[1]]></_wpml_media_featured>
		<_wpml_location_migration_done><![CDATA[1]]></_wpml_location_migration_done>
	</node>
	<node>
		<id><![CDATA[223]]></id>
		<title><![CDATA[Variation #223 of 4Good People S502m 4G cover]]></title>
		<sku><![CDATA[51000561]]></sku>
		<excerpt><![CDATA[]]></excerpt>
		<posttype><![CDATA[product]]></posttype>
		<permalink><![CDATA[http://p414239.webspaceconfig.de/product/4good-people-s502m-4g-cover/?lang=en&attribute_pa_color=black-leather]]></permalink>
		<price><![CDATA[44.90]]></price>
		<regularprice><![CDATA[44.90]]></regularprice>
		<stockstatus><![CDATA[instock]]></stockstatus>
		<visibility><![CDATA[]]></visibility>
		<attributenamepa_color><![CDATA[Color]]></attributenamepa_color>
		<attributevaluepa_color><![CDATA[black-leather]]></attributevaluepa_color>
		<attributeinvariationspa_color><![CDATA[yes]]></attributeinvariationspa_color>
		<attributeisvisiblepa_color><![CDATA[yes]]></attributeisvisiblepa_color>
		<attributeistaxonomypa_color><![CDATA[yes]]></attributeistaxonomypa_color>
		<producttype><![CDATA[variable]]></producttype>
		<parent_id><![CDATA[222]]></parent_id>
		<productcategories><![CDATA[]]></productcategories>
		<producttags><![CDATA[]]></producttags>
		<custom_tab_priority1><![CDATA[]]></custom_tab_priority1>
		<custom_tab_priority2><![CDATA[]]></custom_tab_priority2>
		<layout><![CDATA[]]></layout>
		<dhvc_woo_page_product><![CDATA[]]></dhvc_woo_page_product>
		<page_title><![CDATA[]]></page_title>
		<tm_meta_cpf><![CDATA[]]></tm_meta_cpf>
		<tm_meta><![CDATA[]]></tm_meta>
		<_ean><![CDATA[4059965957375]]></_ean>
		<_wc_additional_variation_images><![CDATA[167,176,197,47,50,53,56]]></_wc_additional_variation_images>
		<_vaterartikel><![CDATA[5100]]></_vaterartikel>
		<status><![CDATA[publish]]></status>
		<author><![CDATA[1]]></author>
		<parent><![CDATA[222]]></parent>
		<order><![CDATA[0]]></order>
		<commentstatus><![CDATA[open]]></commentstatus>
		<pingstatus><![CDATA[open]]></pingstatus>
		<downloadable><![CDATA[no]]></downloadable>
		<virtual><![CDATA[no]]></virtual>
		<featured><![CDATA[no]]></featured>
		<weight><![CDATA[0.09]]></weight>
		<length><![CDATA[]]></length>
		<width><![CDATA[]]></width>
		<height><![CDATA[]]></height>
		<backorders><![CDATA[no]]></backorders>
		<taxstatus><![CDATA[]]></taxstatus>
		<taxclass><![CDATA[]]></taxclass>
		<defaultattributes><![CDATA[]]></defaultattributes>
		<productattributes><![CDATA[a:1:{s:8:"pa_color";a:7:{s:4:"name";s:8:"pa_color";s:5:"value";s:13:"black-leather";s:8:"position";i:0;s:10:"is_visible";i:1;s:12:"is_variation";i:1;s:11:"is_taxonomy";i:1;s:24:"is_create_taxonomy_terms";i:1;}}]]></productattributes>
		<_parentsku><![CDATA[bfxs-0560]]></_parentsku>
		<models><![CDATA[]]></models>
		<device_name><![CDATA[]]></device_name>
		<upsells><![CDATA[]]></upsells>
		<crosssells><![CDATA[]]></crosssells>
		<wpmltranslationid><![CDATA[115]]></wpmltranslationid>
		<wpmllanguagecode><![CDATA[en]]></wpmllanguagecode>
		<_wpml_media_duplicate><![CDATA[]]></_wpml_media_duplicate>
		<_wpml_media_featured><![CDATA[]]></_wpml_media_featured>
		<_wpml_location_migration_done><![CDATA[1]]></_wpml_location_migration_done>
	</node>
	<node>
		<id><![CDATA[224]]></id>
		<title><![CDATA[Variation #224 of 4Good People S502m 4G cover]]></title>
		<sku><![CDATA[51040561]]></sku>
		<excerpt><![CDATA[]]></excerpt>
		<posttype><![CDATA[product]]></posttype>
		<permalink><![CDATA[http://p414239.webspaceconfig.de/product/4good-people-s502m-4g-cover/?lang=en&attribute_pa_color=red]]></permalink>
		<price><![CDATA[34.90]]></price>
		<regularprice><![CDATA[34.90]]></regularprice>
		<stockstatus><![CDATA[instock]]></stockstatus>
		<visibility><![CDATA[]]></visibility>
		<attributenamepa_color><![CDATA[Color]]></attributenamepa_color>
		<attributevaluepa_color><![CDATA[red]]></attributevaluepa_color>
		<attributeinvariationspa_color><![CDATA[yes]]></attributeinvariationspa_color>
		<attributeisvisiblepa_color><![CDATA[yes]]></attributeisvisiblepa_color>
		<attributeistaxonomypa_color><![CDATA[yes]]></attributeistaxonomypa_color>
		<producttype><![CDATA[variable]]></producttype>
		<parent_id><![CDATA[222]]></parent_id>
		<productcategories><![CDATA[]]></productcategories>
		<producttags><![CDATA[]]></producttags>
		<custom_tab_priority1><![CDATA[]]></custom_tab_priority1>
		<custom_tab_priority2><![CDATA[]]></custom_tab_priority2>
		<layout><![CDATA[]]></layout>
		<dhvc_woo_page_product><![CDATA[]]></dhvc_woo_page_product>
		<page_title><![CDATA[]]></page_title>
		<tm_meta_cpf><![CDATA[]]></tm_meta_cpf>
		<tm_meta><![CDATA[]]></tm_meta>
		<_ean><![CDATA[4059965957368]]></_ean>
		<_wc_additional_variation_images><![CDATA[194,188,209,47,50,53,56]]></_wc_additional_variation_images>
		<_vaterartikel><![CDATA[5104]]></_vaterartikel>
		<status><![CDATA[publish]]></status>
		<author><![CDATA[1]]></author>
		<parent><![CDATA[222]]></parent>
		<order><![CDATA[0]]></order>
		<commentstatus><![CDATA[open]]></commentstatus>
		<pingstatus><![CDATA[open]]></pingstatus>
		<downloadable><![CDATA[no]]></downloadable>
		<virtual><![CDATA[no]]></virtual>
		<featured><![CDATA[no]]></featured>
		<weight><![CDATA[0.09]]></weight>
		<length><![CDATA[]]></length>
		<width><![CDATA[]]></width>
		<height><![CDATA[]]></height>
		<backorders><![CDATA[no]]></backorders>
		<taxstatus><![CDATA[]]></taxstatus>
		<taxclass><![CDATA[]]></taxclass>
		<defaultattributes><![CDATA[]]></defaultattributes>
		<productattributes><![CDATA[a:1:{s:8:"pa_color";a:7:{s:4:"name";s:8:"pa_color";s:5:"value";s:3:"red";s:8:"position";i:0;s:10:"is_visible";i:1;s:12:"is_variation";i:1;s:11:"is_taxonomy";i:1;s:24:"is_create_taxonomy_terms";i:1;}}]]></productattributes>
		<_parentsku><![CDATA[bfxs-0560]]></_parentsku>
		<models><![CDATA[]]></models>
		<device_name><![CDATA[]]></device_name>
		<upsells><![CDATA[]]></upsells>
		<crosssells><![CDATA[]]></crosssells>
		<wpmltranslationid><![CDATA[116]]></wpmltranslationid>
		<wpmllanguagecode><![CDATA[en]]></wpmllanguagecode>
		<_wpml_media_duplicate><![CDATA[]]></_wpml_media_duplicate>
		<_wpml_media_featured><![CDATA[]]></_wpml_media_featured>
		<_wpml_location_migration_done><![CDATA[1]]></_wpml_location_migration_done>
	</node>
	<node>
		<id><![CDATA[225]]></id>
		<title><![CDATA[Variation #225 of 4Good People S502m 4G cover]]></title>
		<sku><![CDATA[51020561]]></sku>
		<excerpt><![CDATA[]]></excerpt>
		<posttype><![CDATA[product]]></posttype>
		<permalink><![CDATA[http://p414239.webspaceconfig.de/product/4good-people-s502m-4g-cover/?lang=en&attribute_pa_color=pink-en]]></permalink>
		<price><![CDATA[34.90]]></price>
		<regularprice><![CDATA[34.90]]></regularprice>
		<stockstatus><![CDATA[instock]]></stockstatus>
		<visibility><![CDATA[]]></visibility>
		<attributenamepa_color><![CDATA[Color]]></attributenamepa_color>
		<attributevaluepa_color><![CDATA[pink-en]]></attributevaluepa_color>
		<attributeinvariationspa_color><![CDATA[yes]]></attributeinvariationspa_color>
		<attributeisvisiblepa_color><![CDATA[yes]]></attributeisvisiblepa_color>
		<attributeistaxonomypa_color><![CDATA[yes]]></attributeistaxonomypa_color>
		<producttype><![CDATA[variable]]></producttype>
		<parent_id><![CDATA[222]]></parent_id>
		<productcategories><![CDATA[]]></productcategories>
		<producttags><![CDATA[]]></producttags>
		<custom_tab_priority1><![CDATA[]]></custom_tab_priority1>
		<custom_tab_priority2><![CDATA[]]></custom_tab_priority2>
		<layout><![CDATA[]]></layout>
		<dhvc_woo_page_product><![CDATA[]]></dhvc_woo_page_product>
		<page_title><![CDATA[]]></page_title>
		<tm_meta_cpf><![CDATA[]]></tm_meta_cpf>
		<tm_meta><![CDATA[]]></tm_meta>
		<_ean><![CDATA[4059965957351]]></_ean>
		<_wc_additional_variation_images><![CDATA[191,185,206,47,50,53,56]]></_wc_additional_variation_images>
		<_vaterartikel><![CDATA[5102]]></_vaterartikel>
		<status><![CDATA[publish]]></status>
		<author><![CDATA[1]]></author>
		<parent><![CDATA[222]]></parent>
		<order><![CDATA[0]]></order>
		<commentstatus><![CDATA[open]]></commentstatus>
		<pingstatus><![CDATA[open]]></pingstatus>
		<downloadable><![CDATA[no]]></downloadable>
		<virtual><![CDATA[no]]></virtual>
		<featured><![CDATA[no]]></featured>
		<weight><![CDATA[0.09]]></weight>
		<length><![CDATA[]]></length>
		<width><![CDATA[]]></width>
		<height><![CDATA[]]></height>
		<backorders><![CDATA[no]]></backorders>
		<taxstatus><![CDATA[]]></taxstatus>
		<taxclass><![CDATA[]]></taxclass>
		<defaultattributes><![CDATA[]]></defaultattributes>
		<productattributes><![CDATA[a:1:{s:8:"pa_color";a:7:{s:4:"name";s:8:"pa_color";s:5:"value";s:7:"pink-en";s:8:"position";i:0;s:10:"is_visible";i:1;s:12:"is_variation";i:1;s:11:"is_taxonomy";i:1;s:24:"is_create_taxonomy_terms";i:1;}}]]></productattributes>
		<_parentsku><![CDATA[bfxs-0560]]></_parentsku>
		<models><![CDATA[]]></models>
		<device_name><![CDATA[]]></device_name>
		<upsells><![CDATA[]]></upsells>
		<crosssells><![CDATA[]]></crosssells>
		<wpmltranslationid><![CDATA[117]]></wpmltranslationid>
		<wpmllanguagecode><![CDATA[en]]></wpmllanguagecode>
		<_wpml_media_duplicate><![CDATA[]]></_wpml_media_duplicate>
		<_wpml_media_featured><![CDATA[]]></_wpml_media_featured>
		<_wpml_location_migration_done><![CDATA[1]]></_wpml_location_migration_done>
	</node>
	<node>
		<id><![CDATA[226]]></id>
		<title><![CDATA[Variation #226 of 4Good People S502m 4G cover]]></title>
		<sku><![CDATA[51030561]]></sku>
		<excerpt><![CDATA[]]></excerpt>
		<posttype><![CDATA[product]]></posttype>
		<permalink><![CDATA[http://p414239.webspaceconfig.de/product/4good-people-s502m-4g-cover/?lang=en&attribute_pa_color=brown-leather]]></permalink>
		<price><![CDATA[44.90]]></price>
		<regularprice><![CDATA[44.90]]></regularprice>
		<stockstatus><![CDATA[instock]]></stockstatus>
		<visibility><![CDATA[]]></visibility>
		<attributenamepa_color><![CDATA[Color]]></attributenamepa_color>
		<attributevaluepa_color><![CDATA[brown-leather]]></attributevaluepa_color>
		<attributeinvariationspa_color><![CDATA[yes]]></attributeinvariationspa_color>
		<attributeisvisiblepa_color><![CDATA[yes]]></attributeisvisiblepa_color>
		<attributeistaxonomypa_color><![CDATA[yes]]></attributeistaxonomypa_color>
		<producttype><![CDATA[variable]]></producttype>
		<parent_id><![CDATA[222]]></parent_id>
		<productcategories><![CDATA[]]></productcategories>
		<producttags><![CDATA[]]></producttags>
		<custom_tab_priority1><![CDATA[]]></custom_tab_priority1>
		<custom_tab_priority2><![CDATA[]]></custom_tab_priority2>
		<layout><![CDATA[]]></layout>
		<dhvc_woo_page_product><![CDATA[]]></dhvc_woo_page_product>
		<page_title><![CDATA[]]></page_title>
		<tm_meta_cpf><![CDATA[]]></tm_meta_cpf>
		<tm_meta><![CDATA[]]></tm_meta>
		<_ean><![CDATA[4059965957382]]></_ean>
		<_wc_additional_variation_images><![CDATA[173,182,203,47,50,53,56]]></_wc_additional_variation_images>
		<_vaterartikel><![CDATA[5103]]></_vaterartikel>
		<status><![CDATA[publish]]></status>
		<author><![CDATA[1]]></author>
		<parent><![CDATA[222]]></parent>
		<order><![CDATA[0]]></order>
		<commentstatus><![CDATA[open]]></commentstatus>
		<pingstatus><![CDATA[open]]></pingstatus>
		<downloadable><![CDATA[no]]></downloadable>
		<virtual><![CDATA[no]]></virtual>
		<featured><![CDATA[no]]></featured>
		<weight><![CDATA[0.09]]></weight>
		<length><![CDATA[]]></length>
		<width><![CDATA[]]></width>
		<height><![CDATA[]]></height>
		<backorders><![CDATA[no]]></backorders>
		<taxstatus><![CDATA[]]></taxstatus>
		<taxclass><![CDATA[]]></taxclass>
		<defaultattributes><![CDATA[]]></defaultattributes>
		<productattributes><![CDATA[a:1:{s:8:"pa_color";a:7:{s:4:"name";s:8:"pa_color";s:5:"value";s:13:"brown-leather";s:8:"position";i:0;s:10:"is_visible";i:1;s:12:"is_variation";i:1;s:11:"is_taxonomy";i:1;s:24:"is_create_taxonomy_terms";i:1;}}]]></productattributes>
		<_parentsku><![CDATA[bfxs-0560]]></_parentsku>
		<models><![CDATA[]]></models>
		<device_name><![CDATA[]]></device_name>
		<upsells><![CDATA[]]></upsells>
		<crosssells><![CDATA[]]></crosssells>
		<wpmltranslationid><![CDATA[118]]></wpmltranslationid>
		<wpmllanguagecode><![CDATA[en]]></wpmllanguagecode>
		<_wpml_media_duplicate><![CDATA[]]></_wpml_media_duplicate>
		<_wpml_media_featured><![CDATA[]]></_wpml_media_featured>
		<_wpml_location_migration_done><![CDATA[1]]></_wpml_location_migration_done>
	</node>
	<node>
		<id><![CDATA[227]]></id>
		<title><![CDATA[Variation #227 of 4Good People S502m 4G cover]]></title>
		<sku><![CDATA[51010560]]></sku>
		<excerpt><![CDATA[]]></excerpt>
		<posttype><![CDATA[product]]></posttype>
		<permalink><![CDATA[http://p414239.webspaceconfig.de/product/4good-people-s502m-4g-cover/?lang=en&attribute_pa_color=blue]]></permalink>
		<price><![CDATA[34.90]]></price>
		<regularprice><![CDATA[34.90]]></regularprice>
		<stockstatus><![CDATA[instock]]></stockstatus>
		<visibility><![CDATA[]]></visibility>
		<attributenamepa_color><![CDATA[Color]]></attributenamepa_color>
		<attributevaluepa_color><![CDATA[blue]]></attributevaluepa_color>
		<attributeinvariationspa_color><![CDATA[yes]]></attributeinvariationspa_color>
		<attributeisvisiblepa_color><![CDATA[yes]]></attributeisvisiblepa_color>
		<attributeistaxonomypa_color><![CDATA[yes]]></attributeistaxonomypa_color>
		<producttype><![CDATA[variable]]></producttype>
		<parent_id><![CDATA[222]]></parent_id>
		<productcategories><![CDATA[]]></productcategories>
		<producttags><![CDATA[]]></producttags>
		<custom_tab_priority1><![CDATA[]]></custom_tab_priority1>
		<custom_tab_priority2><![CDATA[]]></custom_tab_priority2>
		<layout><![CDATA[]]></layout>
		<dhvc_woo_page_product><![CDATA[]]></dhvc_woo_page_product>
		<page_title><![CDATA[]]></page_title>
		<tm_meta_cpf><![CDATA[]]></tm_meta_cpf>
		<tm_meta><![CDATA[]]></tm_meta>
		<_ean><![CDATA[4059965957399]]></_ean>
		<_wc_additional_variation_images><![CDATA[170,179,200,47,50,53,56]]></_wc_additional_variation_images>
		<_vaterartikel><![CDATA[5101]]></_vaterartikel>
		<status><![CDATA[publish]]></status>
		<author><![CDATA[1]]></author>
		<parent><![CDATA[222]]></parent>
		<order><![CDATA[0]]></order>
		<commentstatus><![CDATA[open]]></commentstatus>
		<pingstatus><![CDATA[open]]></pingstatus>
		<downloadable><![CDATA[no]]></downloadable>
		<virtual><![CDATA[no]]></virtual>
		<featured><![CDATA[no]]></featured>
		<weight><![CDATA[0.09]]></weight>
		<length><![CDATA[]]></length>
		<width><![CDATA[]]></width>
		<height><![CDATA[]]></height>
		<backorders><![CDATA[no]]></backorders>
		<taxstatus><![CDATA[]]></taxstatus>
		<taxclass><![CDATA[]]></taxclass>
		<defaultattributes><![CDATA[]]></defaultattributes>
		<productattributes><![CDATA[a:1:{s:8:"pa_color";a:7:{s:4:"name";s:8:"pa_color";s:5:"value";s:4:"blue";s:8:"position";i:0;s:10:"is_visible";i:1;s:12:"is_variation";i:1;s:11:"is_taxonomy";i:1;s:24:"is_create_taxonomy_terms";i:1;}}]]></productattributes>
		<_parentsku><![CDATA[bfxs-0560]]></_parentsku>
		<models><![CDATA[]]></models>
		<device_name><![CDATA[]]></device_name>
		<upsells><![CDATA[]]></upsells>
		<crosssells><![CDATA[]]></crosssells>
		<wpmltranslationid><![CDATA[119]]></wpmltranslationid>
		<wpmllanguagecode><![CDATA[en]]></wpmllanguagecode>
		<_wpml_media_duplicate><![CDATA[]]></_wpml_media_duplicate>
		<_wpml_media_featured><![CDATA[]]></_wpml_media_featured>
		<_wpml_location_migration_done><![CDATA[1]]></_wpml_location_migration_done>
	</node>
</data>
